============================================================
Time  2021/10/13 16:24:37 350 
============================================================
[2021/10/13 16:24:37 351] lgi        684  SYS_MSG_LOAD  
[2021/10/13 16:24:37 358] lgi        706  SYS_MSG_REGCB  msp_status_cb  func(1c013960) 
[2021/10/13 16:24:37 363] lgi        298  LGI_MSG_INIT  
[2021/10/13 16:24:37 364] lgi        305  lgi  lgi_  268436457  1573451739  
[2021/10/13 16:24:37 366] lgi        403  token:  nil  
[2021/10/13 16:24:37 367] lgi        476  msc cver : 5.0.44.1288  
[2021/10/13 16:24:37 382] lgi        519  ns_enable=  1  
[2021/10/13 16:24:37 383] lgi        531  prot_ver=1  
[2021/10/13 16:24:37 384] lgi        542  prot_type=tcp  
[2021/10/13 16:24:37 388] lgi        693  SYS_MSG_UNLOAD  go bg!  
[2021/10/13 16:24:53 505] lgi        697  SYS_MSG_SHUTDOWN  
============================================================
Time  2021/10/14 09:23:59 629 
============================================================
[2021/10/14 09:23:59 630] lgi        684  SYS_MSG_LOAD  
[2021/10/14 09:23:59 678] lgi        706  SYS_MSG_REGCB  msp_status_cb  func(58013920) 
[2021/10/14 09:23:59 682] lgi        298  LGI_MSG_INIT  
[2021/10/14 09:23:59 683] lgi        305  lgi  lgi_  268436457  1573451739  
[2021/10/14 09:23:59 685] lgi        403  token:  nil  
[2021/10/14 09:23:59 686] lgi        476  msc cver : 5.0.44.1288  
[2021/10/14 09:23:59 687] lgi        519  ns_enable=  1  
[2021/10/14 09:23:59 688] lgi        531  prot_ver=1  
[2021/10/14 09:23:59 689] lgi        542  prot_type=tcp  
[2021/10/14 09:23:59 693] lgi        693  SYS_MSG_UNLOAD  go bg!  
============================================================
Time  2021/10/14 10:00:38 985 
============================================================
[2021/10/14 10:00:38 986] lgi        684  SYS_MSG_LOAD  
[2021/10/14 10:00:38 993] lgi        706  SYS_MSG_REGCB  msp_status_cb  func(58013960) 
[2021/10/14 10:00:38 997] lgi        298  LGI_MSG_INIT  
[2021/10/14 10:00:38 998] lgi        305  lgi  lgi_  268436457  1573451739  
[2021/10/14 10:00:39 000] lgi        403  token:  nil  
[2021/10/14 10:00:39 001] lgi        476  msc cver : 5.0.44.1288  
[2021/10/14 10:00:39 003] lgi        519  ns_enable=  1  
[2021/10/14 10:00:39 004] lgi        531  prot_ver=1  
[2021/10/14 10:00:39 005] lgi        542  prot_type=tcp  
[2021/10/14 10:00:39 009] lgi        693  SYS_MSG_UNLOAD  go bg!  
[2021/10/14 10:00:39 365] lgi        697  SYS_MSG_SHUTDOWN  
============================================================
Time  2021/10/14 10:06:17 564 
============================================================
[2021/10/14 10:06:17 565] lgi        684  SYS_MSG_LOAD  
[2021/10/14 10:06:17 571] lgi        706  SYS_MSG_REGCB  msp_status_cb  func(d0053760) 
[2021/10/14 10:06:17 576] lgi        298  LGI_MSG_INIT  
[2021/10/14 10:06:17 577] lgi        305  lgi  lgi_  268436457  1573451739  
[2021/10/14 10:06:17 578] lgi        403  token:  nil  
[2021/10/14 10:06:17 579] lgi        476  msc cver : 5.0.44.1288  
[2021/10/14 10:06:17 581] lgi        519  ns_enable=  1  
[2021/10/14 10:06:17 582] lgi        531  prot_ver=1  
[2021/10/14 10:06:17 583] lgi        542  prot_type=tcp  
[2021/10/14 10:06:17 587] lgi        693  SYS_MSG_UNLOAD  go bg!  
[2021/10/14 10:06:17 940] lgi        697  SYS_MSG_SHUTDOWN  
============================================================
Time  2021/10/14 10:21:36 448 
============================================================
[2021/10/14 10:21:36 449] lgi        684  SYS_MSG_LOAD  
[2021/10/14 10:21:36 456] lgi        706  SYS_MSG_REGCB  msp_status_cb  func(13960) 
[2021/10/14 10:21:36 461] lgi        298  LGI_MSG_INIT  
[2021/10/14 10:21:36 462] lgi        305  lgi  lgi_  268436457  1573451739  
[2021/10/14 10:21:36 463] lgi        403  token:  nil  
[2021/10/14 10:21:36 464] lgi        476  msc cver : 5.0.44.1288  
[2021/10/14 10:21:36 465] lgi        519  ns_enable=  1  
[2021/10/14 10:21:36 466] lgi        531  prot_ver=1  
[2021/10/14 10:21:36 467] lgi        542  prot_type=tcp  
[2021/10/14 10:21:36 472] lgi        693  SYS_MSG_UNLOAD  go bg!  
[2021/10/14 10:21:36 837] lgi        697  SYS_MSG_SHUTDOWN  
============================================================
Time  2021/10/14 10:22:18 525 
============================================================
[2021/10/14 10:22:18 525] lgi        684  SYS_MSG_LOAD  
[2021/10/14 10:22:18 532] lgi        706  SYS_MSG_REGCB  msp_status_cb  func(53770) 
[2021/10/14 10:22:18 536] lgi        298  LGI_MSG_INIT  
[2021/10/14 10:22:18 537] lgi        305  lgi  lgi_  268436457  1573451739  
[2021/10/14 10:22:18 540] lgi        403  token:  nil  
[2021/10/14 10:22:18 541] lgi        476  msc cver : 5.0.44.1288  
[2021/10/14 10:22:18 542] lgi        519  ns_enable=  1  
[2021/10/14 10:22:18 543] lgi        531  prot_ver=1  
[2021/10/14 10:22:18 544] lgi        542  prot_type=tcp  
[2021/10/14 10:22:18 548] lgi        693  SYS_MSG_UNLOAD  go bg!  
[2021/10/14 10:22:18 896] lgi        697  SYS_MSG_SHUTDOWN  
============================================================
Time  2021/10/14 10:29:22 088 
============================================================
[2021/10/14 10:29:22 088] lgi        684  SYS_MSG_LOAD  
[2021/10/14 10:29:22 095] lgi        706  SYS_MSG_REGCB  msp_status_cb  func(40013960) 
[2021/10/14 10:29:22 100] lgi        298  LGI_MSG_INIT  
[2021/10/14 10:29:22 101] lgi        305  lgi  lgi_  268436457  1573451739  
[2021/10/14 10:29:22 102] lgi        403  token:  nil  
[2021/10/14 10:29:22 103] lgi        476  msc cver : 5.0.44.1288  
[2021/10/14 10:29:22 104] lgi        519  ns_enable=  1  
[2021/10/14 10:29:22 105] lgi        531  prot_ver=1  
[2021/10/14 10:29:22 107] lgi        542  prot_type=tcp  
[2021/10/14 10:29:22 111] lgi        693  SYS_MSG_UNLOAD  go bg!  
[2021/10/14 10:29:22 468] lgi        697  SYS_MSG_SHUTDOWN  
============================================================
Time  2021/10/14 10:32:16 952 
============================================================
[2021/10/14 10:32:16 953] lgi        684  SYS_MSG_LOAD  
[2021/10/14 10:32:16 963] lgi        706  SYS_MSG_REGCB  msp_status_cb  func(18013920) 
[2021/10/14 10:32:16 971] lgi        298  LGI_MSG_INIT  
[2021/10/14 10:32:16 972] lgi        305  lgi  lgi_  268436457  1573451739  
[2021/10/14 10:32:16 974] lgi        403  token:  nil  
[2021/10/14 10:32:16 976] lgi        476  msc cver : 5.0.44.1288  
[2021/10/14 10:32:16 978] lgi        519  ns_enable=  1  
[2021/10/14 10:32:16 979] lgi        531  prot_ver=1  
[2021/10/14 10:32:16 980] lgi        542  prot_type=tcp  
[2021/10/14 10:32:16 986] lgi        693  SYS_MSG_UNLOAD  go bg!  
[2021/10/14 10:32:17 354] lgi        697  SYS_MSG_SHUTDOWN  
============================================================
Time  2021/10/14 10:34:47 842 
============================================================
[2021/10/14 10:34:47 843] lgi        684  SYS_MSG_LOAD  
[2021/10/14 10:34:47 849] lgi        706  SYS_MSG_REGCB  msp_status_cb  func(c0013960) 
[2021/10/14 10:34:47 855] lgi        298  LGI_MSG_INIT  
[2021/10/14 10:34:47 856] lgi        305  lgi  lgi_  268436457  1573451739  
[2021/10/14 10:34:47 858] lgi        403  token:  nil  
[2021/10/14 10:34:47 859] lgi        476  msc cver : 5.0.44.1288  
[2021/10/14 10:34:47 860] lgi        519  ns_enable=  1  
[2021/10/14 10:34:47 861] lgi        531  prot_ver=1  
[2021/10/14 10:34:47 862] lgi        542  prot_type=tcp  
[2021/10/14 10:34:47 866] lgi        693  SYS_MSG_UNLOAD  go bg!  
============================================================
Time  2021/10/14 10:36:29 952 
============================================================
[2021/10/14 10:36:29 952] lgi        684  SYS_MSG_LOAD  
[2021/10/14 10:36:29 958] lgi        706  SYS_MSG_REGCB  msp_status_cb  func(78013960) 
[2021/10/14 10:36:29 963] lgi        298  LGI_MSG_INIT  
[2021/10/14 10:36:29 964] lgi        305  lgi  lgi_  268436457  1573451739  
[2021/10/14 10:36:29 966] lgi        403  token:  nil  
[2021/10/14 10:36:29 967] lgi        476  msc cver : 5.0.44.1288  
[2021/10/14 10:36:29 969] lgi        519  ns_enable=  1  
[2021/10/14 10:36:29 970] lgi        531  prot_ver=1  
[2021/10/14 10:36:29 971] lgi        542  prot_type=tcp  
[2021/10/14 10:36:29 975] lgi        693  SYS_MSG_UNLOAD  go bg!  
============================================================
Time  2021/10/14 10:41:53 534 
============================================================
[2021/10/14 10:41:53 535] lgi        684  SYS_MSG_LOAD  
[2021/10/14 10:41:53 543] lgi        706  SYS_MSG_REGCB  msp_status_cb  func(f8013960) 
[2021/10/14 10:41:53 550] lgi        298  LGI_MSG_INIT  
[2021/10/14 10:41:53 551] lgi        305  lgi  lgi_  268436457  1573451739  
[2021/10/14 10:41:53 552] lgi        403  token:  nil  
[2021/10/14 10:41:53 554] lgi        476  msc cver : 5.0.44.1288  
[2021/10/14 10:41:53 555] lgi        519  ns_enable=  1  
[2021/10/14 10:41:53 556] lgi        531  prot_ver=1  
[2021/10/14 10:41:53 557] lgi        542  prot_type=tcp  
[2021/10/14 10:41:53 561] lgi        693  SYS_MSG_UNLOAD  go bg!  
============================================================
Time  2021/10/14 11:02:26 247 
============================================================
[2021/10/14 11:02:26 248] lgi        684  SYS_MSG_LOAD  
[2021/10/14 11:02:26 254] lgi        706  SYS_MSG_REGCB  msp_status_cb  func(18013960) 
[2021/10/14 11:02:26 259] lgi        298  LGI_MSG_INIT  
[2021/10/14 11:02:26 260] lgi        305  lgi  lgi_  268436457  1573451739  
[2021/10/14 11:02:26 262] lgi        403  token:  nil  
[2021/10/14 11:02:26 263] lgi        476  msc cver : 5.0.44.1288  
[2021/10/14 11:02:26 264] lgi        519  ns_enable=  1  
[2021/10/14 11:02:26 265] lgi        531  prot_ver=1  
[2021/10/14 11:02:26 266] lgi        542  prot_type=tcp  
[2021/10/14 11:02:26 270] lgi        693  SYS_MSG_UNLOAD  go bg!  
============================================================
Time  2021/10/14 11:10:58 796 
============================================================
[2021/10/14 11:10:58 796] lgi        684  SYS_MSG_LOAD  
[2021/10/14 11:10:58 803] lgi        706  SYS_MSG_REGCB  msp_status_cb  func(c013960) 
[2021/10/14 11:10:58 811] lgi        298  LGI_MSG_INIT  
[2021/10/14 11:10:58 813] lgi        305  lgi  lgi_  268436457  1573451739  
[2021/10/14 11:10:58 815] lgi        403  token:  nil  
[2021/10/14 11:10:58 816] lgi        476  msc cver : 5.0.44.1288  
[2021/10/14 11:10:58 817] lgi        519  ns_enable=  1  
[2021/10/14 11:10:58 818] lgi        531  prot_ver=1  
[2021/10/14 11:10:58 819] lgi        542  prot_type=tcp  
[2021/10/14 11:10:58 823] lgi        693  SYS_MSG_UNLOAD  go bg!  
============================================================
Time  2021/10/14 11:15:16 403 
============================================================
[2021/10/14 11:15:16 404] lgi        684  SYS_MSG_LOAD  
[2021/10/14 11:15:16 413] lgi        706  SYS_MSG_REGCB  msp_status_cb  func(78013960) 
[2021/10/14 11:15:16 418] lgi        298  LGI_MSG_INIT  
[2021/10/14 11:15:16 419] lgi        305  lgi  lgi_  268436457  1573451739  
[2021/10/14 11:15:16 422] lgi        403  token:  nil  
[2021/10/14 11:15:16 423] lgi        476  msc cver : 5.0.44.1288  
[2021/10/14 11:15:16 424] lgi        519  ns_enable=  1  
[2021/10/14 11:15:16 425] lgi        531  prot_ver=1  
[2021/10/14 11:15:16 426] lgi        542  prot_type=tcp  
[2021/10/14 11:15:16 430] lgi        693  SYS_MSG_UNLOAD  go bg!  
============================================================
Time  2021/10/14 11:21:26 317 
============================================================
[2021/10/14 11:21:26 318] lgi        684  SYS_MSG_LOAD  
[2021/10/14 11:21:26 329] lgi        706  SYS_MSG_REGCB  msp_status_cb  func(8013960) 
[2021/10/14 11:21:26 335] lgi        298  LGI_MSG_INIT  
[2021/10/14 11:21:26 337] lgi        305  lgi  lgi_  268436457  1573451739  
[2021/10/14 11:21:26 339] lgi        403  token:  nil  
[2021/10/14 11:21:26 342] lgi        476  msc cver : 5.0.44.1288  
[2021/10/14 11:21:26 343] lgi        519  ns_enable=  1  
[2021/10/14 11:21:26 345] lgi        531  prot_ver=1  
[2021/10/14 11:21:26 347] lgi        542  prot_type=tcp  
[2021/10/14 11:21:26 352] lgi        693  SYS_MSG_UNLOAD  go bg!  
============================================================
Time  2021/10/14 22:22:14 929 
============================================================
[2021/10/14 22:22:14 929] lgi        684  SYS_MSG_LOAD  
[2021/10/14 22:22:14 951] lgi        706  SYS_MSG_REGCB  msp_status_cb  func(30013960) 
[2021/10/14 22:22:14 961] lgi        298  LGI_MSG_INIT  
[2021/10/14 22:22:14 962] lgi        305  lgi  lgi_  268436457  1573451739  
[2021/10/14 22:22:14 966] lgi        403  token:  nil  
[2021/10/14 22:22:14 968] lgi        476  msc cver : 5.0.44.1288  
[2021/10/14 22:22:14 970] lgi        519  ns_enable=  1  
[2021/10/14 22:22:14 972] lgi        531  prot_ver=1  
[2021/10/14 22:22:14 973] lgi        542  prot_type=tcp  
[2021/10/14 22:22:14 981] lgi        693  SYS_MSG_UNLOAD  go bg!  
============================================================
Time  2021/10/14 22:22:38 826 
============================================================
[2021/10/14 22:22:38 826] lgi        684  SYS_MSG_LOAD  
[2021/10/14 22:22:38 834] lgi        706  SYS_MSG_REGCB  msp_status_cb  func(60013960) 
[2021/10/14 22:22:38 840] lgi        298  LGI_MSG_INIT  
[2021/10/14 22:22:38 841] lgi        305  lgi  lgi_  268436457  1573451739  
[2021/10/14 22:22:38 843] lgi        403  token:  nil  
[2021/10/14 22:22:38 845] lgi        476  msc cver : 5.0.44.1288  
[2021/10/14 22:22:38 846] lgi        519  ns_enable=  1  
[2021/10/14 22:22:38 847] lgi        531  prot_ver=1  
[2021/10/14 22:22:38 848] lgi        542  prot_type=tcp  
[2021/10/14 22:22:38 853] lgi        693  SYS_MSG_UNLOAD  go bg!  
============================================================
Time  2021/10/14 22:26:19 454 
============================================================
[2021/10/14 22:26:19 455] lgi        684  SYS_MSG_LOAD  
[2021/10/14 22:26:19 463] lgi        706  SYS_MSG_REGCB  msp_status_cb  func(dc013960) 
[2021/10/14 22:26:19 468] lgi        298  LGI_MSG_INIT  
[2021/10/14 22:26:19 469] lgi        305  lgi  lgi_  268436457  1573451739  
[2021/10/14 22:26:19 471] lgi        403  token:  nil  
[2021/10/14 22:26:19 472] lgi        476  msc cver : 5.0.44.1288  
[2021/10/14 22:26:19 474] lgi        519  ns_enable=  1  
[2021/10/14 22:26:19 475] lgi        531  prot_ver=1  
[2021/10/14 22:26:19 476] lgi        542  prot_type=tcp  
[2021/10/14 22:26:19 481] lgi        693  SYS_MSG_UNLOAD  go bg!  
============================================================
Time  2021/10/14 22:30:44 583 
============================================================
[2021/10/14 22:30:44 584] lgi        684  SYS_MSG_LOAD  
[2021/10/14 22:30:44 592] lgi        706  SYS_MSG_REGCB  msp_status_cb  func(a8053760) 
[2021/10/14 22:30:44 599] lgi        298  LGI_MSG_INIT  
[2021/10/14 22:30:44 601] lgi        305  lgi  lgi_  268436457  1573451739  
[2021/10/14 22:30:44 604] lgi        403  token:  nil  
[2021/10/14 22:30:44 605] lgi        476  msc cver : 5.0.44.1288  
[2021/10/14 22:30:44 606] lgi        519  ns_enable=  1  
[2021/10/14 22:30:44 607] lgi        531  prot_ver=1  
[2021/10/14 22:30:44 608] lgi        542  prot_type=tcp  
[2021/10/14 22:30:44 614] lgi        693  SYS_MSG_UNLOAD  go bg!  
============================================================
Time  2021/10/14 22:33:49 776 
============================================================
[2021/10/14 22:33:49 777] lgi        684  SYS_MSG_LOAD  
[2021/10/14 22:33:49 786] lgi        706  SYS_MSG_REGCB  msp_status_cb  func(70013960) 
[2021/10/14 22:33:49 793] lgi        298  LGI_MSG_INIT  
[2021/10/14 22:33:49 794] lgi        305  lgi  lgi_  268436457  1573451739  
[2021/10/14 22:33:49 797] lgi        403  token:  nil  
[2021/10/14 22:33:49 798] lgi        476  msc cver : 5.0.44.1288  
[2021/10/14 22:33:49 799] lgi        519  ns_enable=  1  
[2021/10/14 22:33:49 800] lgi        531  prot_ver=1  
[2021/10/14 22:33:49 802] lgi        542  prot_type=tcp  
[2021/10/14 22:33:49 807] lgi        693  SYS_MSG_UNLOAD  go bg!  
============================================================
Time  2021/10/14 22:35:27 571 
============================================================
[2021/10/14 22:35:27 572] lgi        684  SYS_MSG_LOAD  
[2021/10/14 22:35:27 581] lgi        706  SYS_MSG_REGCB  msp_status_cb  func(e0013960) 
[2021/10/14 22:35:27 587] lgi        298  LGI_MSG_INIT  
[2021/10/14 22:35:27 589] lgi        305  lgi  lgi_  268436457  1573451739  
[2021/10/14 22:35:27 591] lgi        403  token:  nil  
[2021/10/14 22:35:27 592] lgi        476  msc cver : 5.0.44.1288  
[2021/10/14 22:35:27 595] lgi        519  ns_enable=  1  
[2021/10/14 22:35:27 596] lgi        531  prot_ver=1  
[2021/10/14 22:35:27 597] lgi        542  prot_type=tcp  
[2021/10/14 22:35:27 602] lgi        693  SYS_MSG_UNLOAD  go bg!  
============================================================
Time  2021/10/14 22:35:47 057 
============================================================
[2021/10/14 22:35:47 058] lgi        684  SYS_MSG_LOAD  
[2021/10/14 22:35:47 070] lgi        706  SYS_MSG_REGCB  msp_status_cb  func(a8013960) 
[2021/10/14 22:35:47 079] lgi        298  LGI_MSG_INIT  
[2021/10/14 22:35:47 080] lgi        305  lgi  lgi_  268436457  1573451739  
[2021/10/14 22:35:47 084] lgi        403  token:  nil  
[2021/10/14 22:35:47 086] lgi        476  msc cver : 5.0.44.1288  
[2021/10/14 22:35:47 088] lgi        519  ns_enable=  1  
[2021/10/14 22:35:47 090] lgi        531  prot_ver=1  
[2021/10/14 22:35:47 091] lgi        542  prot_type=tcp  
[2021/10/14 22:35:47 098] lgi        693  SYS_MSG_UNLOAD  go bg!  
============================================================
Time  2021/10/14 22:37:58 295 
============================================================
[2021/10/14 22:37:58 296] lgi        684  SYS_MSG_LOAD  
[2021/10/14 22:37:58 308] lgi        706  SYS_MSG_REGCB  msp_status_cb  func(14013960) 
[2021/10/14 22:37:58 316] lgi        298  LGI_MSG_INIT  
[2021/10/14 22:37:58 317] lgi        305  lgi  lgi_  268436457  1573451739  
[2021/10/14 22:37:58 321] lgi        403  token:  nil  
[2021/10/14 22:37:58 323] lgi        476  msc cver : 5.0.44.1288  
[2021/10/14 22:37:58 325] lgi        519  ns_enable=  1  
[2021/10/14 22:37:58 326] lgi        531  prot_ver=1  
[2021/10/14 22:37:58 328] lgi        542  prot_type=tcp  
[2021/10/14 22:37:58 337] lgi        693  SYS_MSG_UNLOAD  go bg!  
============================================================
Time  2021/10/14 22:39:01 663 
============================================================
[2021/10/14 22:39:01 664] lgi        684  SYS_MSG_LOAD  
[2021/10/14 22:39:01 676] lgi        706  SYS_MSG_REGCB  msp_status_cb  func(88013960) 
[2021/10/14 22:39:01 684] lgi        298  LGI_MSG_INIT  
[2021/10/14 22:39:01 686] lgi        305  lgi  lgi_  268436457  1573451739  
[2021/10/14 22:39:01 689] lgi        403  token:  nil  
[2021/10/14 22:39:01 692] lgi        476  msc cver : 5.0.44.1288  
[2021/10/14 22:39:01 694] lgi        519  ns_enable=  1  
[2021/10/14 22:39:01 695] lgi        531  prot_ver=1  
[2021/10/14 22:39:01 697] lgi        542  prot_type=tcp  
[2021/10/14 22:39:01 704] lgi        693  SYS_MSG_UNLOAD  go bg!  
============================================================
Time  2021/10/14 22:46:10 077 
============================================================
[2021/10/14 22:46:10 078] lgi        684  SYS_MSG_LOAD  
[2021/10/14 22:46:10 089] lgi        706  SYS_MSG_REGCB  msp_status_cb  func(e0013960) 
[2021/10/14 22:46:10 097] lgi        298  LGI_MSG_INIT  
[2021/10/14 22:46:10 098] lgi        305  lgi  lgi_  268436457  1573451739  
[2021/10/14 22:46:10 101] lgi        403  token:  nil  
[2021/10/14 22:46:10 103] lgi        476  msc cver : 5.0.44.1288  
[2021/10/14 22:46:10 105] lgi        519  ns_enable=  1  
[2021/10/14 22:46:10 106] lgi        531  prot_ver=1  
[2021/10/14 22:46:10 108] lgi        542  prot_type=tcp  
[2021/10/14 22:46:10 114] lgi        693  SYS_MSG_UNLOAD  go bg!  
============================================================
Time  2021/10/14 22:46:30 962 
============================================================
[2021/10/14 22:46:30 963] lgi        684  SYS_MSG_LOAD  
[2021/10/14 22:46:30 973] lgi        706  SYS_MSG_REGCB  msp_status_cb  func(f0013960) 
[2021/10/14 22:46:30 979] lgi        298  LGI_MSG_INIT  
[2021/10/14 22:46:30 981] lgi        305  lgi  lgi_  268436457  1573451739  
[2021/10/14 22:46:30 984] lgi        403  token:  nil  
[2021/10/14 22:46:30 985] lgi        476  msc cver : 5.0.44.1288  
[2021/10/14 22:46:30 986] lgi        519  ns_enable=  1  
[2021/10/14 22:46:30 987] lgi        531  prot_ver=1  
[2021/10/14 22:46:30 989] lgi        542  prot_type=tcp  
[2021/10/14 22:46:30 994] lgi        693  SYS_MSG_UNLOAD  go bg!  
============================================================
Time  2021/10/14 22:48:44 307 
============================================================
[2021/10/14 22:48:44 308] lgi        684  SYS_MSG_LOAD  
[2021/10/14 22:48:44 320] lgi        706  SYS_MSG_REGCB  msp_status_cb  func(34013960) 
[2021/10/14 22:48:44 327] lgi        298  LGI_MSG_INIT  
[2021/10/14 22:48:44 329] lgi        305  lgi  lgi_  268436457  1573451739  
[2021/10/14 22:48:44 332] lgi        403  token:  nil  
[2021/10/14 22:48:44 333] lgi        476  msc cver : 5.0.44.1288  
[2021/10/14 22:48:44 335] lgi        519  ns_enable=  1  
[2021/10/14 22:48:44 337] lgi        531  prot_ver=1  
[2021/10/14 22:48:44 338] lgi        542  prot_type=tcp  
[2021/10/14 22:48:44 343] lgi        693  SYS_MSG_UNLOAD  go bg!  
============================================================
Time  2021/10/14 22:49:21 142 
============================================================
[2021/10/14 22:49:21 143] lgi        684  SYS_MSG_LOAD  
[2021/10/14 22:49:21 150] lgi        706  SYS_MSG_REGCB  msp_status_cb  func(3c013960) 
[2021/10/14 22:49:21 155] lgi        298  LGI_MSG_INIT  
[2021/10/14 22:49:21 157] lgi        305  lgi  lgi_  268436457  1573451739  
[2021/10/14 22:49:21 159] lgi        403  token:  nil  
[2021/10/14 22:49:21 160] lgi        476  msc cver : 5.0.44.1288  
[2021/10/14 22:49:21 162] lgi        519  ns_enable=  1  
[2021/10/14 22:49:21 163] lgi        531  prot_ver=1  
[2021/10/14 22:49:21 164] lgi        542  prot_type=tcp  
[2021/10/14 22:49:21 169] lgi        693  SYS_MSG_UNLOAD  go bg!  
============================================================
Time  2021/10/14 22:50:06 062 
============================================================
[2021/10/14 22:50:06 063] lgi        684  SYS_MSG_LOAD  
[2021/10/14 22:50:06 074] lgi        706  SYS_MSG_REGCB  msp_status_cb  func(20013960) 
[2021/10/14 22:50:06 081] lgi        298  LGI_MSG_INIT  
[2021/10/14 22:50:06 083] lgi        305  lgi  lgi_  268436457  1573451739  
[2021/10/14 22:50:06 086] lgi        403  token:  nil  
[2021/10/14 22:50:06 088] lgi        476  msc cver : 5.0.44.1288  
[2021/10/14 22:50:06 090] lgi        519  ns_enable=  1  
[2021/10/14 22:50:06 092] lgi        531  prot_ver=1  
[2021/10/14 22:50:06 094] lgi        542  prot_type=tcp  
[2021/10/14 22:50:06 101] lgi        693  SYS_MSG_UNLOAD  go bg!  
============================================================
Time  2021/10/14 22:58:00 610 
============================================================
[2021/10/14 22:58:00 611] lgi        684  SYS_MSG_LOAD  
[2021/10/14 22:58:00 621] lgi        706  SYS_MSG_REGCB  msp_status_cb  func(58053760) 
[2021/10/14 22:58:00 628] lgi        298  LGI_MSG_INIT  
[2021/10/14 22:58:00 629] lgi        305  lgi  lgi_  268436457  1573451739  
[2021/10/14 22:58:00 633] lgi        403  token:  nil  
[2021/10/14 22:58:00 634] lgi        476  msc cver : 5.0.44.1288  
[2021/10/14 22:58:00 636] lgi        519  ns_enable=  1  
[2021/10/14 22:58:00 637] lgi        531  prot_ver=1  
[2021/10/14 22:58:00 638] lgi        542  prot_type=tcp  
[2021/10/14 22:58:00 643] lgi        693  SYS_MSG_UNLOAD  go bg!  
============================================================
Time  2021/10/14 23:00:32 274 
============================================================
[2021/10/14 23:00:32 275] lgi        684  SYS_MSG_LOAD  
[2021/10/14 23:00:32 283] lgi        706  SYS_MSG_REGCB  msp_status_cb  func(84013960) 
[2021/10/14 23:00:32 289] lgi        298  LGI_MSG_INIT  
[2021/10/14 23:00:32 290] lgi        305  lgi  lgi_  268436457  1573451739  
[2021/10/14 23:00:32 292] lgi        403  token:  nil  
[2021/10/14 23:00:32 294] lgi        476  msc cver : 5.0.44.1288  
[2021/10/14 23:00:32 295] lgi        519  ns_enable=  1  
[2021/10/14 23:00:32 296] lgi        531  prot_ver=1  
[2021/10/14 23:00:32 297] lgi        542  prot_type=tcp  
[2021/10/14 23:00:32 303] lgi        693  SYS_MSG_UNLOAD  go bg!  
============================================================
Time  2021/10/14 23:01:25 514 
============================================================
[2021/10/14 23:01:25 515] lgi        684  SYS_MSG_LOAD  
[2021/10/14 23:01:25 527] lgi        706  SYS_MSG_REGCB  msp_status_cb  func(2c013960) 
[2021/10/14 23:01:25 535] lgi        298  LGI_MSG_INIT  
[2021/10/14 23:01:25 537] lgi        305  lgi  lgi_  268436457  1573451739  
[2021/10/14 23:01:25 541] lgi        403  token:  nil  
[2021/10/14 23:01:25 543] lgi        476  msc cver : 5.0.44.1288  
[2021/10/14 23:01:25 545] lgi        519  ns_enable=  1  
[2021/10/14 23:01:25 547] lgi        531  prot_ver=1  
[2021/10/14 23:01:25 548] lgi        542  prot_type=tcp  
[2021/10/14 23:01:25 554] lgi        693  SYS_MSG_UNLOAD  go bg!  
============================================================
Time  2021/10/14 23:01:53 283 
============================================================
[2021/10/14 23:01:53 284] lgi        684  SYS_MSG_LOAD  
[2021/10/14 23:01:53 293] lgi        706  SYS_MSG_REGCB  msp_status_cb  func(98053760) 
[2021/10/14 23:01:53 299] lgi        298  LGI_MSG_INIT  
[2021/10/14 23:01:53 302] lgi        305  lgi  lgi_  268436457  1573451739  
[2021/10/14 23:01:53 305] lgi        403  token:  nil  
[2021/10/14 23:01:53 307] lgi        476  msc cver : 5.0.44.1288  
[2021/10/14 23:01:53 308] lgi        519  ns_enable=  1  
[2021/10/14 23:01:53 310] lgi        531  prot_ver=1  
[2021/10/14 23:01:53 313] lgi        542  prot_type=tcp  
[2021/10/14 23:01:53 319] lgi        693  SYS_MSG_UNLOAD  go bg!  
============================================================
Time  2021/10/14 23:05:39 351 
============================================================
[2021/10/14 23:05:39 352] lgi        684  SYS_MSG_LOAD  
[2021/10/14 23:05:39 363] lgi        706  SYS_MSG_REGCB  msp_status_cb  func(e8013960) 
[2021/10/14 23:05:39 372] lgi        298  LGI_MSG_INIT  
[2021/10/14 23:05:39 374] lgi        305  lgi  lgi_  268436457  1573451739  
[2021/10/14 23:05:39 379] lgi        403  token:  nil  
[2021/10/14 23:05:39 381] lgi        476  msc cver : 5.0.44.1288  
[2021/10/14 23:05:39 383] lgi        519  ns_enable=  1  
[2021/10/14 23:05:39 384] lgi        531  prot_ver=1  
[2021/10/14 23:05:39 387] lgi        542  prot_type=tcp  
[2021/10/14 23:05:39 394] lgi        693  SYS_MSG_UNLOAD  go bg!  
============================================================
Time  2021/10/14 23:08:35 066 
============================================================
[2021/10/14 23:08:35 067] lgi        684  SYS_MSG_LOAD  
[2021/10/14 23:08:35 080] lgi        706  SYS_MSG_REGCB  msp_status_cb  func(b0013960) 
[2021/10/14 23:08:35 088] lgi        298  LGI_MSG_INIT  
[2021/10/14 23:08:35 090] lgi        305  lgi  lgi_  268436457  1573451739  
[2021/10/14 23:08:35 095] lgi        403  token:  nil  
[2021/10/14 23:08:35 097] lgi        476  msc cver : 5.0.44.1288  
[2021/10/14 23:08:35 099] lgi        519  ns_enable=  1  
[2021/10/14 23:08:35 101] lgi        531  prot_ver=1  
[2021/10/14 23:08:35 103] lgi        542  prot_type=tcp  
[2021/10/14 23:08:35 110] lgi        693  SYS_MSG_UNLOAD  go bg!  
============================================================
Time  2021/10/14 23:11:42 266 
============================================================
[2021/10/14 23:11:42 267] lgi        684  SYS_MSG_LOAD  
[2021/10/14 23:11:42 277] lgi        706  SYS_MSG_REGCB  msp_status_cb  func(d0013960) 
[2021/10/14 23:11:42 284] lgi        298  LGI_MSG_INIT  
[2021/10/14 23:11:42 286] lgi        305  lgi  lgi_  268436457  1573451739  
[2021/10/14 23:11:42 288] lgi        403  token:  nil  
[2021/10/14 23:11:42 289] lgi        476  msc cver : 5.0.44.1288  
[2021/10/14 23:11:42 291] lgi        519  ns_enable=  1  
[2021/10/14 23:11:42 292] lgi        531  prot_ver=1  
[2021/10/14 23:11:42 293] lgi        542  prot_type=tcp  
[2021/10/14 23:11:42 300] lgi        693  SYS_MSG_UNLOAD  go bg!  
============================================================
Time  2021/10/14 23:38:02 292 
============================================================
[2021/10/14 23:38:02 293] lgi        684  SYS_MSG_LOAD  
[2021/10/14 23:38:02 323] lgi        706  SYS_MSG_REGCB  msp_status_cb  func(d8053760) 
[2021/10/14 23:38:02 328] lgi        298  LGI_MSG_INIT  
[2021/10/14 23:38:02 329] lgi        305  lgi  lgi_  268436457  1573451739  
[2021/10/14 23:38:02 332] lgi        403  token:  nil  
[2021/10/14 23:38:02 333] lgi        476  msc cver : 5.0.44.1288  
[2021/10/14 23:38:02 334] lgi        519  ns_enable=  1  
[2021/10/14 23:38:02 335] lgi        531  prot_ver=1  
[2021/10/14 23:38:02 337] lgi        542  prot_type=tcp  
[2021/10/14 23:38:02 342] lgi        693  SYS_MSG_UNLOAD  go bg!  
============================================================
Time  2021/10/14 23:38:24 839 
============================================================
[2021/10/14 23:38:24 840] lgi        684  SYS_MSG_LOAD  
[2021/10/14 23:38:24 847] lgi        706  SYS_MSG_REGCB  msp_status_cb  func(fc013920) 
[2021/10/14 23:38:24 854] lgi        298  LGI_MSG_INIT  
[2021/10/14 23:38:24 855] lgi        305  lgi  lgi_  268436457  1573451739  
[2021/10/14 23:38:24 857] lgi        403  token:  nil  
[2021/10/14 23:38:24 859] lgi        476  msc cver : 5.0.44.1288  
[2021/10/14 23:38:24 861] lgi        519  ns_enable=  1  
[2021/10/14 23:38:24 862] lgi        531  prot_ver=1  
[2021/10/14 23:38:24 863] lgi        542  prot_type=tcp  
[2021/10/14 23:38:24 869] lgi        693  SYS_MSG_UNLOAD  go bg!  
============================================================
Time  2021/10/14 23:39:01 329 
============================================================
[2021/10/14 23:39:01 330] lgi        684  SYS_MSG_LOAD  
[2021/10/14 23:39:01 337] lgi        706  SYS_MSG_REGCB  msp_status_cb  func(c8013960) 
[2021/10/14 23:39:01 342] lgi        298  LGI_MSG_INIT  
[2021/10/14 23:39:01 343] lgi        305  lgi  lgi_  268436457  1573451739  
[2021/10/14 23:39:01 345] lgi        403  token:  nil  
[2021/10/14 23:39:01 346] lgi        476  msc cver : 5.0.44.1288  
[2021/10/14 23:39:01 347] lgi        519  ns_enable=  1  
[2021/10/14 23:39:01 349] lgi        531  prot_ver=1  
[2021/10/14 23:39:01 350] lgi        542  prot_type=tcp  
[2021/10/14 23:39:01 354] lgi        693  SYS_MSG_UNLOAD  go bg!  
============================================================
Time  2021/10/14 23:39:45 762 
============================================================
[2021/10/14 23:39:45 763] lgi        684  SYS_MSG_LOAD  
[2021/10/14 23:39:45 775] lgi        706  SYS_MSG_REGCB  msp_status_cb  func(20013960) 
[2021/10/14 23:39:45 783] lgi        298  LGI_MSG_INIT  
[2021/10/14 23:39:45 784] lgi        305  lgi  lgi_  268436457  1573451739  
[2021/10/14 23:39:45 787] lgi        403  token:  nil  
[2021/10/14 23:39:45 789] lgi        476  msc cver : 5.0.44.1288  
[2021/10/14 23:39:45 791] lgi        519  ns_enable=  1  
[2021/10/14 23:39:45 792] lgi        531  prot_ver=1  
[2021/10/14 23:39:45 795] lgi        542  prot_type=tcp  
[2021/10/14 23:39:45 801] lgi        693  SYS_MSG_UNLOAD  go bg!  
============================================================
Time  2021/10/14 23:41:38 510 
============================================================
[2021/10/14 23:41:38 510] lgi        684  SYS_MSG_LOAD  
[2021/10/14 23:41:38 518] lgi        706  SYS_MSG_REGCB  msp_status_cb  func(48013960) 
[2021/10/14 23:41:38 524] lgi        298  LGI_MSG_INIT  
[2021/10/14 23:41:38 526] lgi        305  lgi  lgi_  268436457  1573451739  
[2021/10/14 23:41:38 528] lgi        403  token:  nil  
[2021/10/14 23:41:38 529] lgi        476  msc cver : 5.0.44.1288  
[2021/10/14 23:41:38 531] lgi        519  ns_enable=  1  
[2021/10/14 23:41:38 532] lgi        531  prot_ver=1  
[2021/10/14 23:41:38 533] lgi        542  prot_type=tcp  
[2021/10/14 23:41:38 537] lgi        693  SYS_MSG_UNLOAD  go bg!  
============================================================
Time  2021/10/15 00:00:13 848 
============================================================
[2021/10/15 00:00:13 848] lgi        684  SYS_MSG_LOAD  
[2021/10/15 00:00:13 856] lgi        706  SYS_MSG_REGCB  msp_status_cb  func(58013960) 
[2021/10/15 00:00:13 860] lgi        298  LGI_MSG_INIT  
[2021/10/15 00:00:13 862] lgi        305  lgi  lgi_  268436457  1573451739  
[2021/10/15 00:00:13 864] lgi        403  token:  nil  
[2021/10/15 00:00:13 865] lgi        476  msc cver : 5.0.44.1288  
[2021/10/15 00:00:13 866] lgi        519  ns_enable=  1  
[2021/10/15 00:00:13 868] lgi        531  prot_ver=1  
[2021/10/15 00:00:13 870] lgi        542  prot_type=tcp  
[2021/10/15 00:00:13 876] lgi        693  SYS_MSG_UNLOAD  go bg!  
============================================================
Time  2021/10/15 00:04:36 187 
============================================================
[2021/10/15 00:04:36 188] lgi        684  SYS_MSG_LOAD  
[2021/10/15 00:04:36 196] lgi        706  SYS_MSG_REGCB  msp_status_cb  func(b4053760) 
[2021/10/15 00:04:36 201] lgi        298  LGI_MSG_INIT  
[2021/10/15 00:04:36 202] lgi        305  lgi  lgi_  268436457  1573451739  
[2021/10/15 00:04:36 204] lgi        403  token:  nil  
[2021/10/15 00:04:36 205] lgi        476  msc cver : 5.0.44.1288  
[2021/10/15 00:04:36 207] lgi        519  ns_enable=  1  
[2021/10/15 00:04:36 208] lgi        531  prot_ver=1  
[2021/10/15 00:04:36 209] lgi        542  prot_type=tcp  
[2021/10/15 00:04:36 214] lgi        693  SYS_MSG_UNLOAD  go bg!  
============================================================
Time  2021/10/15 00:20:25 945 
============================================================
[2021/10/15 00:20:25 946] lgi        684  SYS_MSG_LOAD  
[2021/10/15 00:20:25 953] lgi        706  SYS_MSG_REGCB  msp_status_cb  func(f4013960) 
[2021/10/15 00:20:25 958] lgi        298  LGI_MSG_INIT  
[2021/10/15 00:20:25 959] lgi        305  lgi  lgi_  268436457  1573451739  
[2021/10/15 00:20:25 961] lgi        403  token:  nil  
[2021/10/15 00:20:25 962] lgi        476  msc cver : 5.0.44.1288  
[2021/10/15 00:20:25 964] lgi        519  ns_enable=  1  
[2021/10/15 00:20:25 965] lgi        531  prot_ver=1  
[2021/10/15 00:20:25 966] lgi        542  prot_type=tcp  
[2021/10/15 00:20:25 970] lgi        693  SYS_MSG_UNLOAD  go bg!  
============================================================
Time  2021/10/15 00:25:13 034 
============================================================
[2021/10/15 00:25:13 035] lgi        684  SYS_MSG_LOAD  
[2021/10/15 00:25:13 047] lgi        706  SYS_MSG_REGCB  msp_status_cb  func(8013960) 
[2021/10/15 00:25:13 054] lgi        298  LGI_MSG_INIT  
[2021/10/15 00:25:13 056] lgi        305  lgi  lgi_  268436457  1573451739  
[2021/10/15 00:25:13 059] lgi        403  token:  nil  
[2021/10/15 00:25:13 060] lgi        476  msc cver : 5.0.44.1288  
[2021/10/15 00:25:13 063] lgi        519  ns_enable=  1  
[2021/10/15 00:25:13 064] lgi        531  prot_ver=1  
[2021/10/15 00:25:13 065] lgi        542  prot_type=tcp  
[2021/10/15 00:25:13 071] lgi        693  SYS_MSG_UNLOAD  go bg!  
============================================================
Time  2021/10/15 00:35:37 272 
============================================================
[2021/10/15 00:35:37 273] lgi        684  SYS_MSG_LOAD  
[2021/10/15 00:35:37 280] lgi        706  SYS_MSG_REGCB  msp_status_cb  func(9c013960) 
[2021/10/15 00:35:37 284] lgi        298  LGI_MSG_INIT  
[2021/10/15 00:35:37 285] lgi        305  lgi  lgi_  268436457  1573451739  
[2021/10/15 00:35:37 287] lgi        403  token:  nil  
[2021/10/15 00:35:37 288] lgi        476  msc cver : 5.0.44.1288  
[2021/10/15 00:35:37 289] lgi        519  ns_enable=  1  
[2021/10/15 00:35:37 291] lgi        531  prot_ver=1  
[2021/10/15 00:35:37 292] lgi        542  prot_type=tcp  
[2021/10/15 00:35:37 296] lgi        693  SYS_MSG_UNLOAD  go bg!  
============================================================
Time  2021/10/15 00:38:10 138 
============================================================
[2021/10/15 00:38:10 139] lgi        684  SYS_MSG_LOAD  
[2021/10/15 00:38:10 146] lgi        706  SYS_MSG_REGCB  msp_status_cb  func(88013960) 
[2021/10/15 00:38:10 151] lgi        298  LGI_MSG_INIT  
[2021/10/15 00:38:10 152] lgi        305  lgi  lgi_  268436457  1573451739  
[2021/10/15 00:38:10 155] lgi        403  token:  nil  
[2021/10/15 00:38:10 156] lgi        476  msc cver : 5.0.44.1288  
[2021/10/15 00:38:10 157] lgi        519  ns_enable=  1  
[2021/10/15 00:38:10 158] lgi        531  prot_ver=1  
[2021/10/15 00:38:10 160] lgi        542  prot_type=tcp  
[2021/10/15 00:38:10 164] lgi        693  SYS_MSG_UNLOAD  go bg!  
============================================================
Time  2021/10/15 00:42:06 691 
============================================================
[2021/10/15 00:42:06 692] lgi        684  SYS_MSG_LOAD  
[2021/10/15 00:42:06 701] lgi        706  SYS_MSG_REGCB  msp_status_cb  func(6c013960) 
[2021/10/15 00:42:06 707] lgi        298  LGI_MSG_INIT  
[2021/10/15 00:42:06 710] lgi        305  lgi  lgi_  268436457  1573451739  
[2021/10/15 00:42:06 713] lgi        403  token:  nil  
[2021/10/15 00:42:06 714] lgi        476  msc cver : 5.0.44.1288  
[2021/10/15 00:42:06 716] lgi        519  ns_enable=  1  
[2021/10/15 00:42:06 717] lgi        531  prot_ver=1  
[2021/10/15 00:42:06 719] lgi        542  prot_type=tcp  
[2021/10/15 00:42:06 725] lgi        693  SYS_MSG_UNLOAD  go bg!  
============================================================
Time  2021/10/15 00:43:57 124 
============================================================
[2021/10/15 00:43:57 124] lgi        684  SYS_MSG_LOAD  
[2021/10/15 00:43:57 132] lgi        706  SYS_MSG_REGCB  msp_status_cb  func(60013960) 
[2021/10/15 00:43:57 137] lgi        298  LGI_MSG_INIT  
[2021/10/15 00:43:57 138] lgi        305  lgi  lgi_  268436457  1573451739  
[2021/10/15 00:43:57 141] lgi        403  token:  nil  
[2021/10/15 00:43:57 142] lgi        476  msc cver : 5.0.44.1288  
[2021/10/15 00:43:57 143] lgi        519  ns_enable=  1  
[2021/10/15 00:43:57 144] lgi        531  prot_ver=1  
[2021/10/15 00:43:57 145] lgi        542  prot_type=tcp  
[2021/10/15 00:43:57 149] lgi        693  SYS_MSG_UNLOAD  go bg!  
============================================================
Time  2021/10/15 00:48:37 011 
============================================================
[2021/10/15 00:48:37 012] lgi        684  SYS_MSG_LOAD  
[2021/10/15 00:48:37 022] lgi        706  SYS_MSG_REGCB  msp_status_cb  func(10013960) 
[2021/10/15 00:48:37 029] lgi        298  LGI_MSG_INIT  
[2021/10/15 00:48:37 030] lgi        305  lgi  lgi_  268436457  1573451739  
[2021/10/15 00:48:37 033] lgi        403  token:  nil  
[2021/10/15 00:48:37 034] lgi        476  msc cver : 5.0.44.1288  
[2021/10/15 00:48:37 035] lgi        519  ns_enable=  1  
[2021/10/15 00:48:37 038] lgi        531  prot_ver=1  
[2021/10/15 00:48:37 040] lgi        542  prot_type=tcp  
[2021/10/15 00:48:37 046] lgi        693  SYS_MSG_UNLOAD  go bg!  
============================================================
Time  2021/10/15 00:51:33 390 
============================================================
[2021/10/15 00:51:33 391] lgi        684  SYS_MSG_LOAD  
[2021/10/15 00:51:33 398] lgi        706  SYS_MSG_REGCB  msp_status_cb  func(dc013960) 
[2021/10/15 00:51:33 404] lgi        298  LGI_MSG_INIT  
[2021/10/15 00:51:33 405] lgi        305  lgi  lgi_  268436457  1573451739  
[2021/10/15 00:51:33 407] lgi        403  token:  nil  
[2021/10/15 00:51:33 408] lgi        476  msc cver : 5.0.44.1288  
[2021/10/15 00:51:33 409] lgi        519  ns_enable=  1  
[2021/10/15 00:51:33 410] lgi        531  prot_ver=1  
[2021/10/15 00:51:33 411] lgi        542  prot_type=tcp  
[2021/10/15 00:51:33 417] lgi        693  SYS_MSG_UNLOAD  go bg!  
============================================================
Time  2021/10/15 00:52:48 304 
============================================================
[2021/10/15 00:52:48 305] lgi        684  SYS_MSG_LOAD  
[2021/10/15 00:52:48 313] lgi        706  SYS_MSG_REGCB  msp_status_cb  func(98013960) 
[2021/10/15 00:52:48 318] lgi        298  LGI_MSG_INIT  
[2021/10/15 00:52:48 319] lgi        305  lgi  lgi_  268436457  1573451739  
[2021/10/15 00:52:48 321] lgi        403  token:  nil  
[2021/10/15 00:52:48 323] lgi        476  msc cver : 5.0.44.1288  
[2021/10/15 00:52:48 324] lgi        519  ns_enable=  1  
[2021/10/15 00:52:48 325] lgi        531  prot_ver=1  
[2021/10/15 00:52:48 326] lgi        542  prot_type=tcp  
[2021/10/15 00:52:48 331] lgi        693  SYS_MSG_UNLOAD  go bg!  
============================================================
Time  2021/10/15 01:01:19 340 
============================================================
[2021/10/15 01:01:19 341] lgi        684  SYS_MSG_LOAD  
[2021/10/15 01:01:19 352] lgi        706  SYS_MSG_REGCB  msp_status_cb  func(20013960) 
[2021/10/15 01:01:19 359] lgi        298  LGI_MSG_INIT  
[2021/10/15 01:01:19 360] lgi        305  lgi  lgi_  268436457  1573451739  
[2021/10/15 01:01:19 363] lgi        403  token:  nil  
[2021/10/15 01:01:19 365] lgi        476  msc cver : 5.0.44.1288  
[2021/10/15 01:01:19 366] lgi        519  ns_enable=  1  
[2021/10/15 01:01:19 368] lgi        531  prot_ver=1  
[2021/10/15 01:01:19 370] lgi        542  prot_type=tcp  
[2021/10/15 01:01:19 377] lgi        693  SYS_MSG_UNLOAD  go bg!  
============================================================
Time  2021/10/15 01:07:01 213 
============================================================
[2021/10/15 01:07:01 214] lgi        684  SYS_MSG_LOAD  
[2021/10/15 01:07:01 224] lgi        706  SYS_MSG_REGCB  msp_status_cb  func(ac013920) 
[2021/10/15 01:07:01 232] lgi        298  LGI_MSG_INIT  
[2021/10/15 01:07:01 234] lgi        305  lgi  lgi_  268436457  1573451739  
[2021/10/15 01:07:01 239] lgi        403  token:  nil  
[2021/10/15 01:07:01 241] lgi        476  msc cver : 5.0.44.1288  
[2021/10/15 01:07:01 243] lgi        519  ns_enable=  1  
[2021/10/15 01:07:01 244] lgi        531  prot_ver=1  
[2021/10/15 01:07:01 246] lgi        542  prot_type=tcp  
[2021/10/15 01:07:01 252] lgi        693  SYS_MSG_UNLOAD  go bg!  
============================================================
Time  2021/10/15 01:25:08 562 
============================================================
[2021/10/15 01:25:08 563] lgi        684  SYS_MSG_LOAD  
[2021/10/15 01:25:08 571] lgi        706  SYS_MSG_REGCB  msp_status_cb  func(b4013960) 
[2021/10/15 01:25:08 576] lgi        298  LGI_MSG_INIT  
[2021/10/15 01:25:08 577] lgi        305  lgi  lgi_  268436457  1573451739  
[2021/10/15 01:25:08 579] lgi        403  token:  nil  
[2021/10/15 01:25:08 581] lgi        476  msc cver : 5.0.44.1288  
[2021/10/15 01:25:08 582] lgi        519  ns_enable=  1  
[2021/10/15 01:25:08 583] lgi        531  prot_ver=1  
[2021/10/15 01:25:08 584] lgi        542  prot_type=tcp  
[2021/10/15 01:25:08 589] lgi        693  SYS_MSG_UNLOAD  go bg!  
============================================================
Time  2021/10/15 01:26:53 516 
============================================================
[2021/10/15 01:26:53 517] lgi        684  SYS_MSG_LOAD  
[2021/10/15 01:26:53 527] lgi        706  SYS_MSG_REGCB  msp_status_cb  func(20013960) 
[2021/10/15 01:26:53 535] lgi        298  LGI_MSG_INIT  
[2021/10/15 01:26:53 537] lgi        305  lgi  lgi_  268436457  1573451739  
[2021/10/15 01:26:53 540] lgi        403  token:  nil  
[2021/10/15 01:26:53 544] lgi        476  msc cver : 5.0.44.1288  
[2021/10/15 01:26:53 546] lgi        519  ns_enable=  1  
[2021/10/15 01:26:53 547] lgi        531  prot_ver=1  
[2021/10/15 01:26:53 548] lgi        542  prot_type=tcp  
[2021/10/15 01:26:53 555] lgi        693  SYS_MSG_UNLOAD  go bg!  
============================================================
Time  2021/10/15 01:58:50 622 
============================================================
[2021/10/15 01:58:50 623] lgi        684  SYS_MSG_LOAD  
[2021/10/15 01:58:50 643] lgi        706  SYS_MSG_REGCB  msp_status_cb  func(30013960) 
[2021/10/15 01:58:50 648] lgi        298  LGI_MSG_INIT  
[2021/10/15 01:58:50 649] lgi        305  lgi  lgi_  268436457  1573451739  
[2021/10/15 01:58:50 652] lgi        403  token:  nil  
[2021/10/15 01:58:50 653] lgi        476  msc cver : 5.0.44.1288  
[2021/10/15 01:58:50 655] lgi        519  ns_enable=  1  
[2021/10/15 01:58:50 656] lgi        531  prot_ver=1  
[2021/10/15 01:58:50 657] lgi        542  prot_type=tcp  
[2021/10/15 01:58:50 663] lgi        693  SYS_MSG_UNLOAD  go bg!  
============================================================
Time  2021/10/15 01:59:06 254 
============================================================
[2021/10/15 01:59:06 255] lgi        684  SYS_MSG_LOAD  
[2021/10/15 01:59:06 265] lgi        706  SYS_MSG_REGCB  msp_status_cb  func(30013960) 
[2021/10/15 01:59:06 272] lgi        298  LGI_MSG_INIT  
[2021/10/15 01:59:06 273] lgi        305  lgi  lgi_  268436457  1573451739  
[2021/10/15 01:59:06 275] lgi        403  token:  nil  
[2021/10/15 01:59:06 277] lgi        476  msc cver : 5.0.44.1288  
[2021/10/15 01:59:06 278] lgi        519  ns_enable=  1  
[2021/10/15 01:59:06 279] lgi        531  prot_ver=1  
[2021/10/15 01:59:06 281] lgi        542  prot_type=tcp  
[2021/10/15 01:59:06 286] lgi        693  SYS_MSG_UNLOAD  go bg!  
============================================================
Time  2021/10/15 02:54:45 819 
============================================================
[2021/10/15 02:54:45 820] lgi        684  SYS_MSG_LOAD  
[2021/10/15 02:54:45 830] lgi        706  SYS_MSG_REGCB  msp_status_cb  func(c4013960) 
[2021/10/15 02:54:45 836] lgi        298  LGI_MSG_INIT  
[2021/10/15 02:54:45 837] lgi        305  lgi  lgi_  268436457  1573451739  
[2021/10/15 02:54:45 840] lgi        403  token:  nil  
[2021/10/15 02:54:45 841] lgi        476  msc cver : 5.0.44.1288  
[2021/10/15 02:54:45 843] lgi        519  ns_enable=  1  
[2021/10/15 02:54:45 844] lgi        531  prot_ver=1  
[2021/10/15 02:54:45 845] lgi        542  prot_type=tcp  
[2021/10/15 02:54:45 850] lgi        693  SYS_MSG_UNLOAD  go bg!  
============================================================
Time  2021/10/15 03:15:37 440 
============================================================
[2021/10/15 03:15:37 441] lgi        684  SYS_MSG_LOAD  
[2021/10/15 03:15:37 452] lgi        706  SYS_MSG_REGCB  msp_status_cb  func(4c013960) 
[2021/10/15 03:15:37 462] lgi        298  LGI_MSG_INIT  
[2021/10/15 03:15:37 464] lgi        305  lgi  lgi_  268436457  1573451739  
[2021/10/15 03:15:37 468] lgi        403  token:  nil  
[2021/10/15 03:15:37 470] lgi        476  msc cver : 5.0.44.1288  
[2021/10/15 03:15:37 472] lgi        519  ns_enable=  1  
[2021/10/15 03:15:37 473] lgi        531  prot_ver=1  
[2021/10/15 03:15:37 475] lgi        542  prot_type=tcp  
[2021/10/15 03:15:37 482] lgi        693  SYS_MSG_UNLOAD  go bg!  
============================================================
Time  2021/10/15 08:18:27 664 
============================================================
[2021/10/15 08:18:27 665] lgi        684  SYS_MSG_LOAD  
[2021/10/15 08:18:27 686] lgi        706  SYS_MSG_REGCB  msp_status_cb  func(b4013960) 
[2021/10/15 08:18:27 691] lgi        298  LGI_MSG_INIT  
[2021/10/15 08:18:27 692] lgi        305  lgi  lgi_  268436457  1573451739  
[2021/10/15 08:18:27 696] lgi        403  token:  nil  
[2021/10/15 08:18:27 697] lgi        476  msc cver : 5.0.44.1288  
[2021/10/15 08:18:27 699] lgi        519  ns_enable=  1  
[2021/10/15 08:18:27 700] lgi        531  prot_ver=1  
[2021/10/15 08:18:27 701] lgi        542  prot_type=tcp  
[2021/10/15 08:18:27 706] lgi        693  SYS_MSG_UNLOAD  go bg!  
============================================================
Time  2021/10/15 08:48:08 696 
============================================================
[2021/10/15 08:48:08 696] lgi        684  SYS_MSG_LOAD  
[2021/10/15 08:48:08 704] lgi        706  SYS_MSG_REGCB  msp_status_cb  func(80053760) 
[2021/10/15 08:48:08 710] lgi        298  LGI_MSG_INIT  
[2021/10/15 08:48:08 711] lgi        305  lgi  lgi_  268436457  1573451739  
[2021/10/15 08:48:08 714] lgi        403  token:  nil  
[2021/10/15 08:48:08 715] lgi        476  msc cver : 5.0.44.1288  
[2021/10/15 08:48:08 717] lgi        519  ns_enable=  1  
[2021/10/15 08:48:08 718] lgi        531  prot_ver=1  
[2021/10/15 08:48:08 720] lgi        542  prot_type=tcp  
[2021/10/15 08:48:08 724] lgi        693  SYS_MSG_UNLOAD  go bg!  
============================================================
Time  2021/10/15 09:22:32 742 
============================================================
[2021/10/15 09:22:32 742] lgi        684  SYS_MSG_LOAD  
[2021/10/15 09:22:32 751] lgi        706  SYS_MSG_REGCB  msp_status_cb  func(e4013920) 
[2021/10/15 09:22:32 756] lgi        298  LGI_MSG_INIT  
[2021/10/15 09:22:32 758] lgi        305  lgi  lgi_  268436457  1573451739  
[2021/10/15 09:22:32 760] lgi        403  token:  nil  
[2021/10/15 09:22:32 762] lgi        476  msc cver : 5.0.44.1288  
[2021/10/15 09:22:32 764] lgi        519  ns_enable=  1  
[2021/10/15 09:22:32 765] lgi        531  prot_ver=1  
[2021/10/15 09:22:32 766] lgi        542  prot_type=tcp  
[2021/10/15 09:22:32 771] lgi        693  SYS_MSG_UNLOAD  go bg!  
============================================================
Time  2021/10/15 09:56:52 898 
============================================================
[2021/10/15 09:56:52 898] lgi        684  SYS_MSG_LOAD  
[2021/10/15 09:56:52 906] lgi        706  SYS_MSG_REGCB  msp_status_cb  func(c8013960) 
[2021/10/15 09:56:52 911] lgi        298  LGI_MSG_INIT  
[2021/10/15 09:56:52 913] lgi        305  lgi  lgi_  268436457  1573451739  
[2021/10/15 09:56:52 915] lgi        403  token:  nil  
[2021/10/15 09:56:52 916] lgi        476  msc cver : 5.0.44.1288  
[2021/10/15 09:56:52 917] lgi        519  ns_enable=  1  
[2021/10/15 09:56:52 919] lgi        531  prot_ver=1  
[2021/10/15 09:56:52 920] lgi        542  prot_type=tcp  
[2021/10/15 09:56:52 924] lgi        693  SYS_MSG_UNLOAD  go bg!  
============================================================
Time  2021/10/15 10:08:47 248 
============================================================
[2021/10/15 10:08:47 250] lgi        684  SYS_MSG_LOAD  
[2021/10/15 10:08:47 257] lgi        706  SYS_MSG_REGCB  msp_status_cb  func(18013960) 
[2021/10/15 10:08:47 263] lgi        298  LGI_MSG_INIT  
[2021/10/15 10:08:47 264] lgi        305  lgi  lgi_  268436457  1573451739  
[2021/10/15 10:08:47 266] lgi        403  token:  nil  
[2021/10/15 10:08:47 267] lgi        476  msc cver : 5.0.44.1288  
[2021/10/15 10:08:47 269] lgi        519  ns_enable=  1  
[2021/10/15 10:08:47 270] lgi        531  prot_ver=1  
[2021/10/15 10:08:47 271] lgi        542  prot_type=tcp  
[2021/10/15 10:08:47 275] lgi        693  SYS_MSG_UNLOAD  go bg!  
============================================================
Time  2021/10/15 10:10:16 829 
============================================================
[2021/10/15 10:10:16 831] lgi        684  SYS_MSG_LOAD  
[2021/10/15 10:10:16 840] lgi        706  SYS_MSG_REGCB  msp_status_cb  func(58013960) 
[2021/10/15 10:10:16 846] lgi        298  LGI_MSG_INIT  
[2021/10/15 10:10:16 848] lgi        305  lgi  lgi_  268436457  1573451739  
[2021/10/15 10:10:16 852] lgi        403  token:  nil  
[2021/10/15 10:10:16 853] lgi        476  msc cver : 5.0.44.1288  
[2021/10/15 10:10:16 854] lgi        519  ns_enable=  1  
[2021/10/15 10:10:16 855] lgi        531  prot_ver=1  
[2021/10/15 10:10:16 856] lgi        542  prot_type=tcp  
[2021/10/15 10:10:16 861] lgi        693  SYS_MSG_UNLOAD  go bg!  
============================================================
Time  2021/10/15 10:27:10 655 
============================================================
[2021/10/15 10:27:10 656] lgi        684  SYS_MSG_LOAD  
[2021/10/15 10:27:10 663] lgi        706  SYS_MSG_REGCB  msp_status_cb  func(7c013960) 
[2021/10/15 10:27:10 672] lgi        298  LGI_MSG_INIT  
[2021/10/15 10:27:10 673] lgi        305  lgi  lgi_  268436457  1573451739  
[2021/10/15 10:27:10 675] lgi        403  token:  nil  
[2021/10/15 10:27:10 676] lgi        476  msc cver : 5.0.44.1288  
[2021/10/15 10:27:10 678] lgi        519  ns_enable=  1  
[2021/10/15 10:27:10 679] lgi        531  prot_ver=1  
[2021/10/15 10:27:10 681] lgi        542  prot_type=tcp  
[2021/10/15 10:27:10 688] lgi        693  SYS_MSG_UNLOAD  go bg!  
============================================================
Time  2021/10/15 10:59:44 479 
============================================================
[2021/10/15 10:59:44 480] lgi        684  SYS_MSG_LOAD  
[2021/10/15 10:59:44 490] lgi        706  SYS_MSG_REGCB  msp_status_cb  func(74013960) 
[2021/10/15 10:59:44 497] lgi        298  LGI_MSG_INIT  
[2021/10/15 10:59:44 498] lgi        305  lgi  lgi_  268436457  1573451739  
[2021/10/15 10:59:44 501] lgi        403  token:  nil  
[2021/10/15 10:59:44 502] lgi        476  msc cver : 5.0.44.1288  
[2021/10/15 10:59:44 505] lgi        519  ns_enable=  1  
[2021/10/15 10:59:44 506] lgi        531  prot_ver=1  
[2021/10/15 10:59:44 507] lgi        542  prot_type=tcp  
[2021/10/15 10:59:44 513] lgi        693  SYS_MSG_UNLOAD  go bg!  
