============================================================
Time  2021/10/14 23:01:25 666 
============================================================
[2021/10/14 23:01:25 668] isr_local  2211 os_type is:  Linux  
[2021/10/14 23:01:25 671] isr_local  2220 SYS_MSG_LOAD_LOCAL  
[2021/10/14 23:01:25 675] isr_local  2249 SYS_MSG_REGCB_LOCAL| param0 =  msp_status_cb  
[2021/10/14 23:01:25 681] isr_local  2249 SYS_MSG_REGCB_LOCAL| param0 =  build_grm_cb  
[2021/10/14 23:01:25 685] isr_local  2262 ASR_LOCAL_MSG_BUILD_GRM  
[2021/10/14 23:01:25 687] isr_local  1903 grm_init | params:  engine_type = local, 		asr_res_path = fo|res/asr/common.jet, sample_rate = 16000, 		grm_build_path = res/asr/GrmBuilld,   
[2021/10/14 23:01:25 689] isr_local  805  engine_type  :  local  
[2021/10/14 23:01:25 690] isr_local  805  asr_res_path  :  fo|res/asr/common.jet  
[2021/10/14 23:01:25 692] isr_local  805  sample_rate  :  16000  
[2021/10/14 23:01:25 693] isr_local  805  grm_build_path  :  res/asr/GrmBuilld  
[2021/10/14 23:01:25 699] isr_local  1002 file count =   1  
[2021/10/14 23:01:25 701] isr_local  925  file open type is:   fo  
[2021/10/14 23:01:25 702] isr_local  958  res/asr/common.jet  0  0  
[2021/10/14 23:01:25 704] isr_local  1020 speech_plus_setting  0  
[2021/10/14 23:01:25 705] isr_local  1033 2  nil  res/asr/common.jet  0  0  
[2021/10/14 23:01:25 710] isr_local  1035 res_ver  2  
[2021/10/14 23:01:25 711] isr_local  1036 res 5  8fa9729447412fcbe7d5b6b744aed7c1  
[2021/10/14 23:01:25 713] isr_local  1037 res_new_old_mark  v5pp  
[2021/10/14 23:01:25 714] isr_local  1038 res_usr_name  ""  
[2021/10/14 23:01:25 715] isr_local  1039 res_expires  1641884515  
[2021/10/14 23:01:25 717] isr_local  1040 err  0  
[2021/10/14 23:01:25 719] isr_local  1071 now expires:  1634223685  1641884515  
[2021/10/14 23:01:25 737] isr_local  1644 proc_retcode_grm | errorcode =  0  
[2021/10/14 23:01:25 789] isr_local  2022 grammar id:call  
[2021/10/14 23:01:25 814] isr_local  1636 onGrmLocalServiceCb  0  call  
