============================================================
Time  2021/10/15 10:27:10 789 
============================================================
[2021/10/15 10:27:10 790] isr_local  2211 os_type is:  Linux  
[2021/10/15 10:27:10 792] isr_local  2220 SYS_MSG_LOAD_LOCAL  
[2021/10/15 10:27:10 795] isr_local  2249 SYS_MSG_REGCB_LOCAL| param0 =  msp_status_cb  
[2021/10/15 10:27:10 800] isr_local  2249 SYS_MSG_REGCB_LOCAL| param0 =  build_grm_cb  
[2021/10/15 10:27:10 804] isr_local  2262 ASR_LOCAL_MSG_BUILD_GRM  
[2021/10/15 10:27:10 805] isr_local  1903 grm_init | params:  engine_type = local, 		asr_res_path = fo|res/asr/common.jet, sample_rate = 16000, 		grm_build_path = res/asr/GrmBuilld,   
[2021/10/15 10:27:10 807] isr_local  805  engine_type  :  local  
[2021/10/15 10:27:10 808] isr_local  805  asr_res_path  :  fo|res/asr/common.jet  
[2021/10/15 10:27:10 809] isr_local  805  sample_rate  :  16000  
[2021/10/15 10:27:10 811] isr_local  805  grm_build_path  :  res/asr/GrmBuilld  
[2021/10/15 10:27:10 818] isr_local  1002 file count =   1  
[2021/10/15 10:27:10 819] isr_local  925  file open type is:   fo  
[2021/10/15 10:27:10 820] isr_local  958  res/asr/common.jet  0  0  
[2021/10/15 10:27:10 822] isr_local  1020 speech_plus_setting  0  
[2021/10/15 10:27:10 823] isr_local  1033 2  nil  res/asr/common.jet  0  0  
[2021/10/15 10:27:10 827] isr_local  1035 res_ver  2  
[2021/10/15 10:27:10 829] isr_local  1036 res 5  8fa9729447412fcbe7d5b6b744aed7c1  
[2021/10/15 10:27:10 830] isr_local  1037 res_new_old_mark  v5pp  
[2021/10/15 10:27:10 831] isr_local  1038 res_usr_name  ""  
[2021/10/15 10:27:10 833] isr_local  1039 res_expires  1641884515  
[2021/10/15 10:27:10 834] isr_local  1040 err  0  
[2021/10/15 10:27:10 835] isr_local  1071 now expires:  1634264830  1641884515  
[2021/10/15 10:27:10 852] isr_local  1644 proc_retcode_grm | errorcode =  0  
[2021/10/15 10:27:10 905] isr_local  2022 grammar id:call  
[2021/10/15 10:27:10 907] isr_local  1636 onGrmLocalServiceCb  0  call  
