============================================================
Time  2021/10/13 16:24:48 219 
============================================================
[2021/10/13 16:24:48 220] isr_local  2211 os_type is:  Linux  
[2021/10/13 16:24:48 224] isr_local  2220 SYS_MSG_LOAD_LOCAL  
[2021/10/13 16:24:48 228] isr_local  2249 SYS_MSG_REGCB_LOCAL| param0 =  msp_status_cb  
[2021/10/13 16:24:48 235] isr_local  2249 SYS_MSG_REGCB_LOCAL| param0 =  update_lex_cb  
[2021/10/13 16:24:48 238] isr_local  2275 ASR_LOCAL_MSG_UPDATE_LEX  
[2021/10/13 16:24:48 239] isr_local  1903 grm_init | params:  engine_type = local, text_encoding = UTF-8, 		asr_res_path = fo|res/asr/common.jet, sample_rate = 16000, 		grm_build_path = res/asr/GrmBuilld, grammar_list = call,   
[2021/10/13 16:24:48 241] isr_local  805  engine_type  :  local  
[2021/10/13 16:24:48 242] isr_local  805  text_encoding  :  UTF-8  
[2021/10/13 16:24:48 244] isr_local  805  asr_res_path  :  fo|res/asr/common.jet  
[2021/10/13 16:24:48 245] isr_local  805  sample_rate  :  16000  
[2021/10/13 16:24:48 246] isr_local  805  grm_build_path  :  res/asr/GrmBuilld  
[2021/10/13 16:24:48 249] isr_local  805  grammar_list  :  call  
[2021/10/13 16:24:48 254] isr_local  1002 file count =   1  
[2021/10/13 16:24:48 255] isr_local  925  file open type is:   fo  
[2021/10/13 16:24:48 256] isr_local  958  res/asr/common.jet  0  0  
[2021/10/13 16:24:48 257] isr_local  1020 speech_plus_setting  0  
[2021/10/13 16:24:48 259] isr_local  1033 2  nil  res/asr/common.jet  0  0  
[2021/10/13 16:24:48 263] isr_local  1035 res_ver  2  
[2021/10/13 16:24:48 264] isr_local  1036 res 5  8fa9729447412fcbe7d5b6b744aed7c1  
[2021/10/13 16:24:48 265] isr_local  1037 res_new_old_mark  v5pp  
[2021/10/13 16:24:48 266] isr_local  1038 res_usr_name  ""  
[2021/10/13 16:24:48 268] isr_local  1039 res_expires  1641884515  
[2021/10/13 16:24:48 269] isr_local  1040 err  0  
[2021/10/13 16:24:48 283] isr_local  1071 now expires:  1634113488  1641884515  
[2021/10/13 16:24:48 295] isr_local  2284 update dict  
[2021/10/13 16:24:48 299] isr_local  1760 contact  call  
[2021/10/13 16:24:48 316] isr_local  1811 grm_list grm name:   call  
[2021/10/13 16:24:48 363] isr_local  1644 proc_retcode_grm | errorcode =  0  
[2021/10/13 16:24:48 397] isr_local  2022 grammar id:call  
[2021/10/13 16:24:48 399] isr_local  1636 onGrmLocalServiceCb  0  call  
