============================================================
Time  2021/10/14 10:32:17 079 
============================================================
[2021/10/14 10:32:17 080] isr_local  2211 os_type is:  Linux  
[2021/10/14 10:32:17 082] isr_local  2220 SYS_MSG_LOAD_LOCAL  
[2021/10/14 10:32:17 084] isr_local  2249 SYS_MSG_REGCB_LOCAL| param0 =  msp_status_cb  
[2021/10/14 10:32:17 089] isr_local  2249 SYS_MSG_REGCB_LOCAL| param0 =  build_grm_cb  
[2021/10/14 10:32:17 092] isr_local  2262 ASR_LOCAL_MSG_BUILD_GRM  
[2021/10/14 10:32:17 093] isr_local  1903 grm_init | params:  engine_type = local, 		asr_res_path = fo|res/asr/common.jet, sample_rate = 16000, 		grm_build_path = res/asr/GrmBuilld,   
[2021/10/14 10:32:17 094] isr_local  805  engine_type  :  local  
[2021/10/14 10:32:17 095] isr_local  805  asr_res_path  :  fo|res/asr/common.jet  
[2021/10/14 10:32:17 096] isr_local  805  sample_rate  :  16000  
[2021/10/14 10:32:17 097] isr_local  805  grm_build_path  :  res/asr/GrmBuilld  
[2021/10/14 10:32:17 103] isr_local  1002 file count =   1  
[2021/10/14 10:32:17 104] isr_local  925  file open type is:   fo  
[2021/10/14 10:32:17 105] isr_local  958  res/asr/common.jet  0  0  
[2021/10/14 10:32:17 106] isr_local  1020 speech_plus_setting  0  
[2021/10/14 10:32:17 107] isr_local  1033 2  nil  res/asr/common.jet  0  0  
[2021/10/14 10:32:17 111] isr_local  1035 res_ver  2  
[2021/10/14 10:32:17 112] isr_local  1036 res 5  8fa9729447412fcbe7d5b6b744aed7c1  
[2021/10/14 10:32:17 113] isr_local  1037 res_new_old_mark  v5pp  
[2021/10/14 10:32:17 114] isr_local  1038 res_usr_name  ""  
[2021/10/14 10:32:17 115] isr_local  1039 res_expires  1641884515  
[2021/10/14 10:32:17 116] isr_local  1040 err  0  
[2021/10/14 10:32:17 117] isr_local  1071 now expires:  1634178737  1641884515  
[2021/10/14 10:32:17 132] isr_local  1644 proc_retcode_grm | errorcode =  0  
[2021/10/14 10:32:17 160] isr_local  2015 grm luac error! :  23109  
[2021/10/14 10:32:17 161] isr_local  1636 onGrmLocalServiceCb  23109    
