============================================================
Time  2021/10/15 09:22:32 876 
============================================================
[2021/10/15 09:22:32 877] isr_local  2211 os_type is:  Linux  
[2021/10/15 09:22:32 879] isr_local  2220 SYS_MSG_LOAD_LOCAL  
[2021/10/15 09:22:32 882] isr_local  2249 SYS_MSG_REGCB_LOCAL| param0 =  msp_status_cb  
[2021/10/15 09:22:32 887] isr_local  2249 SYS_MSG_REGCB_LOCAL| param0 =  build_grm_cb  
[2021/10/15 09:22:32 891] isr_local  2262 ASR_LOCAL_MSG_BUILD_GRM  
[2021/10/15 09:22:32 892] isr_local  1903 grm_init | params:  engine_type = local, 		asr_res_path = fo|res/asr/common.jet, sample_rate = 16000, 		grm_build_path = res/asr/GrmBuilld,   
[2021/10/15 09:22:32 894] isr_local  805  engine_type  :  local  
[2021/10/15 09:22:32 895] isr_local  805  asr_res_path  :  fo|res/asr/common.jet  
[2021/10/15 09:22:32 896] isr_local  805  sample_rate  :  16000  
[2021/10/15 09:22:32 897] isr_local  805  grm_build_path  :  res/asr/GrmBuilld  
[2021/10/15 09:22:32 905] isr_local  1002 file count =   1  
[2021/10/15 09:22:32 907] isr_local  925  file open type is:   fo  
[2021/10/15 09:22:32 909] isr_local  958  res/asr/common.jet  0  0  
[2021/10/15 09:22:32 910] isr_local  1020 speech_plus_setting  0  
[2021/10/15 09:22:32 911] isr_local  1033 2  nil  res/asr/common.jet  0  0  
[2021/10/15 09:22:32 915] isr_local  1035 res_ver  2  
[2021/10/15 09:22:32 917] isr_local  1036 res 5  8fa9729447412fcbe7d5b6b744aed7c1  
[2021/10/15 09:22:32 919] isr_local  1037 res_new_old_mark  v5pp  
[2021/10/15 09:22:32 920] isr_local  1038 res_usr_name  ""  
[2021/10/15 09:22:32 922] isr_local  1039 res_expires  1641884515  
[2021/10/15 09:22:32 923] isr_local  1040 err  0  
[2021/10/15 09:22:32 924] isr_local  1071 now expires:  1634260952  1641884515  
[2021/10/15 09:22:32 941] isr_local  1644 proc_retcode_grm | errorcode =  0  
[2021/10/15 09:22:32 997] isr_local  2022 grammar id:call  
[2021/10/15 09:22:33 014] isr_local  1636 onGrmLocalServiceCb  0  call  
