============================================================
Time  2021/10/14 23:01:53 423 
============================================================
[2021/10/14 23:01:53 424] isr_local  2211 os_type is:  Linux  
[2021/10/14 23:01:53 426] isr_local  2220 SYS_MSG_LOAD_LOCAL  
[2021/10/14 23:01:53 429] isr_local  2249 SYS_MSG_REGCB_LOCAL| param0 =  msp_status_cb  
[2021/10/14 23:01:53 434] isr_local  2249 SYS_MSG_REGCB_LOCAL| param0 =  build_grm_cb  
[2021/10/14 23:01:53 439] isr_local  2262 ASR_LOCAL_MSG_BUILD_GRM  
[2021/10/14 23:01:53 440] isr_local  1903 grm_init | params:  engine_type = local, 		asr_res_path = fo|res/asr/common.jet, sample_rate = 16000, 		grm_build_path = res/asr/GrmBuilld,   
[2021/10/14 23:01:53 442] isr_local  805  engine_type  :  local  
[2021/10/14 23:01:53 443] isr_local  805  asr_res_path  :  fo|res/asr/common.jet  
[2021/10/14 23:01:53 444] isr_local  805  sample_rate  :  16000  
[2021/10/14 23:01:53 445] isr_local  805  grm_build_path  :  res/asr/GrmBuilld  
[2021/10/14 23:01:53 454] isr_local  1002 file count =   1  
[2021/10/14 23:01:53 548] isr_local  925  file open type is:   fo  
[2021/10/14 23:01:53 549] isr_local  958  res/asr/common.jet  0  0  
[2021/10/14 23:01:53 551] isr_local  1020 speech_plus_setting  0  
[2021/10/14 23:01:53 552] isr_local  1033 2  nil  res/asr/common.jet  0  0  
[2021/10/14 23:01:53 557] isr_local  1035 res_ver  2  
[2021/10/14 23:01:53 558] isr_local  1036 res 5  8fa9729447412fcbe7d5b6b744aed7c1  
[2021/10/14 23:01:53 560] isr_local  1037 res_new_old_mark  v5pp  
[2021/10/14 23:01:53 561] isr_local  1038 res_usr_name  ""  
[2021/10/14 23:01:53 562] isr_local  1039 res_expires  1641884515  
[2021/10/14 23:01:53 563] isr_local  1040 err  0  
[2021/10/14 23:01:53 564] isr_local  1071 now expires:  1634223713  1641884515  
[2021/10/14 23:01:53 582] isr_local  1644 proc_retcode_grm | errorcode =  0  
[2021/10/14 23:01:53 638] isr_local  2022 grammar id:call  
[2021/10/14 23:01:53 640] isr_local  1636 onGrmLocalServiceCb  0  call  
