============================================================
Time  2021/10/15 01:59:06 388 
============================================================
[2021/10/15 01:59:06 418] isr_local  2211 os_type is:  Linux  
[2021/10/15 01:59:06 420] isr_local  2220 SYS_MSG_LOAD_LOCAL  
[2021/10/15 01:59:06 423] isr_local  2249 SYS_MSG_REGCB_LOCAL| param0 =  msp_status_cb  
[2021/10/15 01:59:06 428] isr_local  2249 SYS_MSG_REGCB_LOCAL| param0 =  build_grm_cb  
[2021/10/15 01:59:06 432] isr_local  2262 ASR_LOCAL_MSG_BUILD_GRM  
[2021/10/15 01:59:06 433] isr_local  1903 grm_init | params:  engine_type = local, 		asr_res_path = fo|res/asr/common.jet, sample_rate = 16000, 		grm_build_path = res/asr/GrmBuilld,   
[2021/10/15 01:59:06 435] isr_local  805  engine_type  :  local  
[2021/10/15 01:59:06 436] isr_local  805  asr_res_path  :  fo|res/asr/common.jet  
[2021/10/15 01:59:06 438] isr_local  805  sample_rate  :  16000  
[2021/10/15 01:59:06 439] isr_local  805  grm_build_path  :  res/asr/GrmBuilld  
[2021/10/15 01:59:06 446] isr_local  1002 file count =   1  
[2021/10/15 01:59:06 448] isr_local  925  file open type is:   fo  
[2021/10/15 01:59:06 449] isr_local  958  res/asr/common.jet  0  0  
[2021/10/15 01:59:06 450] isr_local  1020 speech_plus_setting  0  
[2021/10/15 01:59:06 451] isr_local  1033 2  nil  res/asr/common.jet  0  0  
[2021/10/15 01:59:06 455] isr_local  1035 res_ver  2  
[2021/10/15 01:59:06 457] isr_local  1036 res 5  8fa9729447412fcbe7d5b6b744aed7c1  
[2021/10/15 01:59:06 458] isr_local  1037 res_new_old_mark  v5pp  
[2021/10/15 01:59:06 459] isr_local  1038 res_usr_name  ""  
[2021/10/15 01:59:06 460] isr_local  1039 res_expires  1641884515  
[2021/10/15 01:59:06 461] isr_local  1040 err  0  
[2021/10/15 01:59:06 462] isr_local  1071 now expires:  1634234346  1641884515  
[2021/10/15 01:59:06 479] isr_local  1644 proc_retcode_grm | errorcode =  0  
[2021/10/15 01:59:06 528] isr_local  2022 grammar id:call  
[2021/10/15 01:59:06 531] isr_local  1636 onGrmLocalServiceCb  0  call  
