============================================================
Time  2021/10/14 23:11:42 403 
============================================================
[2021/10/14 23:11:42 404] isr_local  2211 os_type is:  Linux  
[2021/10/14 23:11:42 405] isr_local  2220 SYS_MSG_LOAD_LOCAL  
[2021/10/14 23:11:42 408] isr_local  2249 SYS_MSG_REGCB_LOCAL| param0 =  msp_status_cb  
[2021/10/14 23:11:42 413] isr_local  2249 SYS_MSG_REGCB_LOCAL| param0 =  build_grm_cb  
[2021/10/14 23:11:42 417] isr_local  2262 ASR_LOCAL_MSG_BUILD_GRM  
[2021/10/14 23:11:42 419] isr_local  1903 grm_init | params:  engine_type = local, 		asr_res_path = fo|res/asr/common.jet, sample_rate = 16000, 		grm_build_path = res/asr/GrmBuilld,   
[2021/10/14 23:11:42 431] isr_local  805  engine_type  :  local  
[2021/10/14 23:11:42 432] isr_local  805  asr_res_path  :  fo|res/asr/common.jet  
[2021/10/14 23:11:42 434] isr_local  805  sample_rate  :  16000  
[2021/10/14 23:11:42 435] isr_local  805  grm_build_path  :  res/asr/GrmBuilld  
[2021/10/14 23:11:42 442] isr_local  1002 file count =   1  
[2021/10/14 23:11:42 445] isr_local  925  file open type is:   fo  
[2021/10/14 23:11:42 446] isr_local  958  res/asr/common.jet  0  0  
[2021/10/14 23:11:42 447] isr_local  1020 speech_plus_setting  0  
[2021/10/14 23:11:42 448] isr_local  1033 2  nil  res/asr/common.jet  0  0  
[2021/10/14 23:11:42 452] isr_local  1035 res_ver  2  
[2021/10/14 23:11:42 455] isr_local  1036 res 5  8fa9729447412fcbe7d5b6b744aed7c1  
[2021/10/14 23:11:42 456] isr_local  1037 res_new_old_mark  v5pp  
[2021/10/14 23:11:42 457] isr_local  1038 res_usr_name  ""  
[2021/10/14 23:11:42 458] isr_local  1039 res_expires  1641884515  
[2021/10/14 23:11:42 459] isr_local  1040 err  0  
[2021/10/14 23:11:42 461] isr_local  1071 now expires:  1634224302  1641884515  
[2021/10/14 23:11:42 474] isr_local  1644 proc_retcode_grm | errorcode =  0  
[2021/10/14 23:11:42 530] isr_local  2022 grammar id:call  
[2021/10/14 23:11:42 554] isr_local  1636 onGrmLocalServiceCb  0  call  
