============================================================
Time  2021/10/15 00:04:36 309 
============================================================
[2021/10/15 00:04:36 310] isr_local  2211 os_type is:  Linux  
[2021/10/15 00:04:36 313] isr_local  2220 SYS_MSG_LOAD_LOCAL  
[2021/10/15 00:04:36 316] isr_local  2249 SYS_MSG_REGCB_LOCAL| param0 =  msp_status_cb  
[2021/10/15 00:04:36 321] isr_local  2249 SYS_MSG_REGCB_LOCAL| param0 =  build_grm_cb  
[2021/10/15 00:04:36 325] isr_local  2262 ASR_LOCAL_MSG_BUILD_GRM  
[2021/10/15 00:04:36 326] isr_local  1903 grm_init | params:  engine_type = local, 		asr_res_path = fo|res/asr/common.jet, sample_rate = 16000, 		grm_build_path = res/asr/GrmBuilld,   
[2021/10/15 00:04:36 327] isr_local  805  engine_type  :  local  
[2021/10/15 00:04:36 328] isr_local  805  asr_res_path  :  fo|res/asr/common.jet  
[2021/10/15 00:04:36 329] isr_local  805  sample_rate  :  16000  
[2021/10/15 00:04:36 330] isr_local  805  grm_build_path  :  res/asr/GrmBuilld  
[2021/10/15 00:04:36 336] isr_local  1002 file count =   1  
[2021/10/15 00:04:36 338] isr_local  925  file open type is:   fo  
[2021/10/15 00:04:36 339] isr_local  958  res/asr/common.jet  0  0  
[2021/10/15 00:04:36 340] isr_local  1020 speech_plus_setting  0  
[2021/10/15 00:04:36 341] isr_local  1033 2  nil  res/asr/common.jet  0  0  
[2021/10/15 00:04:36 345] isr_local  1035 res_ver  2  
[2021/10/15 00:04:36 346] isr_local  1036 res 5  8fa9729447412fcbe7d5b6b744aed7c1  
[2021/10/15 00:04:36 347] isr_local  1037 res_new_old_mark  v5pp  
[2021/10/15 00:04:36 348] isr_local  1038 res_usr_name  ""  
[2021/10/15 00:04:36 350] isr_local  1039 res_expires  1641884515  
[2021/10/15 00:04:36 351] isr_local  1040 err  0  
[2021/10/15 00:04:36 352] isr_local  1071 now expires:  1634227476  1641884515  
[2021/10/15 00:04:36 368] isr_local  1644 proc_retcode_grm | errorcode =  0  
[2021/10/15 00:04:36 417] isr_local  2022 grammar id:call  
[2021/10/15 00:04:36 420] isr_local  1636 onGrmLocalServiceCb  0  call  
