============================================================
Time  2021/10/14 23:38:24 962 
============================================================
[2021/10/14 23:38:24 963] isr_local  2211 os_type is:  Linux  
[2021/10/14 23:38:24 967] isr_local  2220 SYS_MSG_LOAD_LOCAL  
[2021/10/14 23:38:24 972] isr_local  2249 SYS_MSG_REGCB_LOCAL| param0 =  msp_status_cb  
[2021/10/14 23:38:24 977] isr_local  2249 SYS_MSG_REGCB_LOCAL| param0 =  build_grm_cb  
[2021/10/14 23:38:24 980] isr_local  2262 ASR_LOCAL_MSG_BUILD_GRM  
[2021/10/14 23:38:24 981] isr_local  1903 grm_init | params:  engine_type = local, 		asr_res_path = fo|res/asr/common.jet, sample_rate = 16000, 		grm_build_path = res/asr/GrmBuilld,   
[2021/10/14 23:38:24 983] isr_local  805  engine_type  :  local  
[2021/10/14 23:38:24 984] isr_local  805  asr_res_path  :  fo|res/asr/common.jet  
[2021/10/14 23:38:24 985] isr_local  805  sample_rate  :  16000  
[2021/10/14 23:38:24 986] isr_local  805  grm_build_path  :  res/asr/GrmBuilld  
[2021/10/14 23:38:24 992] isr_local  1002 file count =   1  
[2021/10/14 23:38:24 993] isr_local  925  file open type is:   fo  
[2021/10/14 23:38:24 994] isr_local  958  res/asr/common.jet  0  0  
[2021/10/14 23:38:24 996] isr_local  1020 speech_plus_setting  0  
[2021/10/14 23:38:24 997] isr_local  1033 2  nil  res/asr/common.jet  0  0  
[2021/10/14 23:38:25 001] isr_local  1035 res_ver  2  
[2021/10/14 23:38:25 002] isr_local  1036 res 5  8fa9729447412fcbe7d5b6b744aed7c1  
[2021/10/14 23:38:25 003] isr_local  1037 res_new_old_mark  v5pp  
[2021/10/14 23:38:25 004] isr_local  1038 res_usr_name  ""  
[2021/10/14 23:38:25 005] isr_local  1039 res_expires  1641884515  
[2021/10/14 23:38:25 006] isr_local  1040 err  0  
[2021/10/14 23:38:25 007] isr_local  1071 now expires:  1634225905  1641884515  
[2021/10/14 23:38:25 023] isr_local  1644 proc_retcode_grm | errorcode =  0  
[2021/10/14 23:38:25 074] isr_local  2022 grammar id:call  
[2021/10/14 23:38:25 076] isr_local  1636 onGrmLocalServiceCb  0  call  
